         Number of slices or planes: 144
 Number of xy-samples after binning: 288
 Number of radial samples available: 417
   Oversampling (before binning) by: 2
                     binning factor: 1
         distance between apertures: 5.000000E+24
   aperture size(prebin,oversmpled): -nan
   pupil support(prebin,oversmpled): 1024
                      sample matrix:
                                Vxx: 1.000000
                                Vxy: -0.500000
                                Vyx: 0.000000
                                Vyy: 0.866025
even symmetry in z is NOT assumed.
Tue Jul 23 15:59:24 2013
	iz = 1
Tue Jul 23 15:59:24 2013
	iz = 2
Tue Jul 23 15:59:24 2013
	iz = 3
Tue Jul 23 15:59:24 2013
	iz = 4
Tue Jul 23 15:59:24 2013
	iz = 5
Tue Jul 23 15:59:25 2013
	iz = 6
Tue Jul 23 15:59:25 2013
	iz = 7
Tue Jul 23 15:59:25 2013
	iz = 8
Tue Jul 23 15:59:25 2013
	iz = 9
Tue Jul 23 15:59:25 2013
	iz = 10
Tue Jul 23 15:59:25 2013
	iz = 11
Tue Jul 23 15:59:26 2013
	iz = 12
Tue Jul 23 15:59:26 2013
	iz = 13
Tue Jul 23 15:59:26 2013
	iz = 14
Tue Jul 23 15:59:26 2013
	iz = 15
Tue Jul 23 15:59:26 2013
	iz = 16
Tue Jul 23 15:59:26 2013
	iz = 17
Tue Jul 23 15:59:27 2013
	iz = 18
Tue Jul 23 15:59:27 2013
	iz = 19
Tue Jul 23 15:59:27 2013
	iz = 20
Tue Jul 23 15:59:27 2013
	iz = 21
Tue Jul 23 15:59:27 2013
	iz = 22
Tue Jul 23 15:59:27 2013
	iz = 23
Tue Jul 23 15:59:27 2013
	iz = 24
Tue Jul 23 15:59:28 2013
	iz = 25
Tue Jul 23 15:59:28 2013
	iz = 26
Tue Jul 23 15:59:28 2013
	iz = 27
Tue Jul 23 15:59:28 2013
	iz = 28
Tue Jul 23 15:59:28 2013
	iz = 29
Tue Jul 23 15:59:28 2013
	iz = 30
Tue Jul 23 15:59:28 2013
	iz = 31
Tue Jul 23 15:59:28 2013
	iz = 32
Tue Jul 23 15:59:29 2013
	iz = 33
Tue Jul 23 15:59:29 2013
	iz = 34
Tue Jul 23 15:59:29 2013
	iz = 35
Tue Jul 23 15:59:29 2013
	iz = 36
Tue Jul 23 15:59:29 2013
	iz = 37
Tue Jul 23 15:59:29 2013
	iz = 38
Tue Jul 23 15:59:29 2013
	iz = 39
Tue Jul 23 15:59:29 2013
	iz = 40
Tue Jul 23 15:59:30 2013
	iz = 41
Tue Jul 23 15:59:30 2013
	iz = 42
Tue Jul 23 15:59:30 2013
	iz = 43
Tue Jul 23 15:59:30 2013
	iz = 44
Tue Jul 23 15:59:30 2013
	iz = 45
Tue Jul 23 15:59:30 2013
	iz = 46
Tue Jul 23 15:59:30 2013
	iz = 47
Tue Jul 23 15:59:30 2013
	iz = 48
Tue Jul 23 15:59:31 2013
	iz = 49
Tue Jul 23 15:59:31 2013
	iz = 50
Tue Jul 23 15:59:31 2013
	iz = 51
Tue Jul 23 15:59:31 2013
	iz = 52
Tue Jul 23 15:59:31 2013
	iz = 53
Tue Jul 23 15:59:31 2013
	iz = 54
Tue Jul 23 15:59:31 2013
	iz = 55
Tue Jul 23 15:59:31 2013
	iz = 56
Tue Jul 23 15:59:32 2013
	iz = 57
Tue Jul 23 15:59:32 2013
	iz = 58
Tue Jul 23 15:59:32 2013
	iz = 59
Tue Jul 23 15:59:32 2013
	iz = 60
Tue Jul 23 15:59:32 2013
	iz = 61
Tue Jul 23 15:59:32 2013
	iz = 62
Tue Jul 23 15:59:32 2013
	iz = 63
Tue Jul 23 15:59:32 2013
	iz = 64
Tue Jul 23 15:59:33 2013
	iz = 65
Tue Jul 23 15:59:33 2013
	iz = 66
Tue Jul 23 15:59:33 2013
	iz = 67
Tue Jul 23 15:59:33 2013
	iz = 68
Tue Jul 23 15:59:33 2013
	iz = 69
Tue Jul 23 15:59:33 2013
	iz = 70
Tue Jul 23 15:59:33 2013
	iz = 71
Tue Jul 23 15:59:34 2013
	iz = 72
Tue Jul 23 15:59:34 2013
	iz = 73
Tue Jul 23 15:59:34 2013
	iz = 74
Tue Jul 23 15:59:34 2013
	iz = 75
Tue Jul 23 15:59:34 2013
	iz = 76
Tue Jul 23 15:59:34 2013
	iz = 77
Tue Jul 23 15:59:34 2013
	iz = 78
Tue Jul 23 15:59:34 2013
	iz = 79
Tue Jul 23 15:59:35 2013
	iz = 80
Tue Jul 23 15:59:35 2013
	iz = 81
Tue Jul 23 15:59:35 2013
	iz = 82
Tue Jul 23 15:59:35 2013
	iz = 83
Tue Jul 23 15:59:35 2013
	iz = 84
Tue Jul 23 15:59:35 2013
	iz = 85
Tue Jul 23 15:59:35 2013
	iz = 86
Tue Jul 23 15:59:35 2013
	iz = 87
Tue Jul 23 15:59:36 2013
	iz = 88
Tue Jul 23 15:59:36 2013
	iz = 89
Tue Jul 23 15:59:36 2013
	iz = 90
Tue Jul 23 15:59:36 2013
	iz = 91
Tue Jul 23 15:59:36 2013
	iz = 92
Tue Jul 23 15:59:36 2013
	iz = 93
Tue Jul 23 15:59:36 2013
	iz = 94
Tue Jul 23 15:59:36 2013
	iz = 95
Tue Jul 23 15:59:37 2013
	iz = 96
Tue Jul 23 15:59:37 2013
	iz = 97
Tue Jul 23 15:59:37 2013
	iz = 98
Tue Jul 23 15:59:37 2013
	iz = 99
Tue Jul 23 15:59:37 2013
	iz = 100
Tue Jul 23 15:59:37 2013
	iz = 101
Tue Jul 23 15:59:37 2013
	iz = 102
Tue Jul 23 15:59:37 2013
	iz = 103
Tue Jul 23 15:59:38 2013
	iz = 104
Tue Jul 23 15:59:38 2013
	iz = 105
Tue Jul 23 15:59:38 2013
	iz = 106
Tue Jul 23 15:59:38 2013
	iz = 107
Tue Jul 23 15:59:38 2013
	iz = 108
Tue Jul 23 15:59:38 2013
	iz = 109
Tue Jul 23 15:59:38 2013
	iz = 110
Tue Jul 23 15:59:38 2013
	iz = 111
Tue Jul 23 15:59:39 2013
	iz = 112
Tue Jul 23 15:59:39 2013
	iz = 113
Tue Jul 23 15:59:39 2013
	iz = 114
Tue Jul 23 15:59:39 2013
	iz = 115
Tue Jul 23 15:59:39 2013
	iz = 116
Tue Jul 23 15:59:39 2013
	iz = 117
Tue Jul 23 15:59:39 2013
	iz = 118
Tue Jul 23 15:59:39 2013
	iz = 119
Tue Jul 23 15:59:40 2013
	iz = 120
Tue Jul 23 15:59:40 2013
	iz = 121
Tue Jul 23 15:59:40 2013
	iz = 122
Tue Jul 23 15:59:40 2013
	iz = 123
Tue Jul 23 15:59:40 2013
	iz = 124
Tue Jul 23 15:59:40 2013
	iz = 125
Tue Jul 23 15:59:40 2013
	iz = 126
Tue Jul 23 15:59:40 2013
	iz = 127
Tue Jul 23 15:59:41 2013
	iz = 128
Tue Jul 23 15:59:41 2013
	iz = 129
Tue Jul 23 15:59:41 2013
	iz = 130
Tue Jul 23 15:59:41 2013
	iz = 131
Tue Jul 23 15:59:41 2013
	iz = 132
Tue Jul 23 15:59:41 2013
	iz = 133
Tue Jul 23 15:59:41 2013
	iz = 134
Tue Jul 23 15:59:41 2013
	iz = 135
Tue Jul 23 15:59:42 2013
	iz = 136
Tue Jul 23 15:59:42 2013
	iz = 137
Tue Jul 23 15:59:42 2013
	iz = 138
Tue Jul 23 15:59:42 2013
	iz = 139
Tue Jul 23 15:59:42 2013
	iz = 140
Tue Jul 23 15:59:42 2013
	iz = 141
Tue Jul 23 15:59:42 2013
	iz = 142
Tue Jul 23 15:59:42 2013
	iz = 143
Tue Jul 23 15:59:43 2013
	iz = 144
Tue Jul 23 15:59:43 2013
	DONE
